This is pdfTeX, Version 3.141592653-2.6-1.40.27 (TeX Live 2025) (preloaded format=pdflatex 2025.6.29)  21 OCT 2025 12:45
entering extended mode
 restricted \write18 enabled.
 %&-line parsing enabled.
**main.tex
(./main.tex
LaTeX2e <2024-11-01> patch level 2
L3 programming layer <2025-01-18>
(./aims.cls
Document Class: aims 1999/05/06 v1.0
(d:/020_Software/T/texlive/2025/texmf-dist/tex/latex/graphics/graphicx.sty
Package: graphicx 2021/09/16 v1.2d Enhanced LaTeX Graphics (DPC,SPQR)

(d:/020_Software/T/texlive/2025/texmf-dist/tex/latex/graphics/keyval.sty
Package: keyval 2022/05/29 v1.15 key=value parser (DPC)
\KV@toks@=\toks17
)
(d:/020_Software/T/texlive/2025/texmf-dist/tex/latex/graphics/graphics.sty
Package: graphics 2024/08/06 v1.4g Standard LaTeX Graphics (DPC,SPQR)

(d:/020_Software/T/texlive/2025/texmf-dist/tex/latex/graphics/trig.sty
Package: trig 2023/12/02 v1.11 sin cos tan (DPC)
)
(d:/020_Software/T/texlive/2025/texmf-dist/tex/latex/graphics-cfg/graphics.cfg
File: graphics.cfg 2016/06/04 v1.11 sample graphics configuration
)
Package graphics Info: Driver file: pdftex.def on input line 106.
(d:/020_Software/T/texlive/2025/texmf-dist/tex/latex/graphics-def/pdftex.def
File: pdftex.def 2024/04/13 v1.2c Graphics/color driver for pdftex
))
\Gin@req@height=\dimen141
\Gin@req@width=\dimen142
)
\linespacing=\dimen143
\normalparindent=\dimen144
\normaltopskip=\skip49
(d:/020_Software/T/texlive/2025/texmf-dist/tex/latex/amsmath/amsgen.sty
File: amsgen.sty 1999/11/30 v2.0 generic functions
\@emptytoks=\toks18
\ex@=\dimen145
)
(d:/020_Software/T/texlive/2025/texmf-dist/tex/latex/amsmath/amsmath.sty
Package: amsmath 2024/11/05 v2.17t AMS math features
\@mathmargin=\skip50

For additional information on amsmath, use the `?' option.
(d:/020_Software/T/texlive/2025/texmf-dist/tex/latex/amsmath/amstext.sty
Package: amstext 2021/08/26 v2.01 AMS text
)
(d:/020_Software/T/texlive/2025/texmf-dist/tex/latex/amsmath/amsbsy.sty
Package: amsbsy 1999/11/29 v1.2d Bold Symbols
\pmbraise@=\dimen146
)
(d:/020_Software/T/texlive/2025/texmf-dist/tex/latex/amsmath/amsopn.sty
Package: amsopn 2022/04/08 v2.04 operator names
)
\inf@bad=\count196
LaTeX Info: Redefining \frac on input line 233.
\uproot@=\count197
\leftroot@=\count198
LaTeX Info: Redefining \overline on input line 398.
LaTeX Info: Redefining \colon on input line 409.
\classnum@=\count199
\DOTSCASE@=\count266
LaTeX Info: Redefining \ldots on input line 495.
LaTeX Info: Redefining \dots on input line 498.
LaTeX Info: Redefining \cdots on input line 619.
\Mathstrutbox@=\box52
\strutbox@=\box53
LaTeX Info: Redefining \big on input line 721.
LaTeX Info: Redefining \Big on input line 722.
LaTeX Info: Redefining \bigg on input line 723.
LaTeX Info: Redefining \Bigg on input line 724.
\big@size=\dimen147
LaTeX Font Info:    Redeclaring font encoding OML on input line 742.
LaTeX Font Info:    Redeclaring font encoding OMS on input line 743.
\macc@depth=\count267
LaTeX Info: Redefining \bmod on input line 904.
LaTeX Info: Redefining \pmod on input line 909.
LaTeX Info: Redefining \smash on input line 939.
LaTeX Info: Redefining \relbar on input line 969.
LaTeX Info: Redefining \Relbar on input line 970.
\c@MaxMatrixCols=\count268
\dotsspace@=\muskip17
\c@parentequation=\count269
\dspbrk@lvl=\count270
\tag@help=\toks19
\row@=\count271
\column@=\count272
\maxfields@=\count273
\andhelp@=\toks20
\eqnshift@=\dimen148
\alignsep@=\dimen149
\tagshift@=\dimen150
\tagwidth@=\dimen151
\totwidth@=\dimen152
\lineht@=\dimen153
\@envbody=\toks21
\multlinegap=\skip51
\multlinetaggap=\skip52
\mathdisplay@stack=\toks22
LaTeX Info: Redefining \[ on input line 2953.
LaTeX Info: Redefining \] on input line 2954.
)
LaTeX Font Info:    Trying to load font information for U+msa on input line 328
.

(d:/020_Software/T/texlive/2025/texmf-dist/tex/latex/amsfonts/umsa.fd
File: umsa.fd 2013/01/14 v3.01 AMS symbols A
)
(d:/020_Software/T/texlive/2025/texmf-dist/tex/latex/amsfonts/amsfonts.sty
Package: amsfonts 2013/01/14 v3.01 Basic AMSFonts support
\symAMSa=\mathgroup4
\symAMSb=\mathgroup5
LaTeX Font Info:    Redeclaring math symbol \hbar on input line 98.
LaTeX Font Info:    Overwriting math alphabet `\mathfrak' in version `bold'
(Font)                  U/euf/m/n --> U/euf/b/n on input line 106.
)
\copyins=\insert252
\abstractbox=\box54
\listisep=\skip53
\c@part=\count274
\c@section=\count275
\c@subsection=\count276
\c@subsubsection=\count277
\c@paragraph=\count278
\c@@refsection=\count279

(d:/020_Software/T/texlive/2025/texmf-dist/tex/latex/graphics/color.sty
Package: color 2024/06/23 v1.3e Standard LaTeX Color (DPC)

(d:/020_Software/T/texlive/2025/texmf-dist/tex/latex/graphics-cfg/color.cfg
File: color.cfg 2016/01/02 v1.6 sample color configuration
)
Package color Info: Driver file: pdftex.def on input line 149.

(d:/020_Software/T/texlive/2025/texmf-dist/tex/latex/graphics/mathcolor.ltx))
(d:/020_Software/T/texlive/2025/texmf-dist/tex/latex/psnfss/pifont.sty
Package: pifont 2020/03/25 PSNFSS-v9.3 Pi font support (SPQR) 
LaTeX Font Info:    Trying to load font information for U+pzd on input line 63.


(d:/020_Software/T/texlive/2025/texmf-dist/tex/latex/psnfss/upzd.fd
File: upzd.fd 2001/06/04 font definitions for U/pzd.
)
LaTeX Font Info:    Trying to load font information for U+psy on input line 64.


(d:/020_Software/T/texlive/2025/texmf-dist/tex/latex/psnfss/upsy.fd
File: upsy.fd 2001/06/04 font definitions for U/psy.
))
\c@commentlabel=\count280
\c@figure=\count281
\c@table=\count282
\abovecaptionskip=\skip54
\belowcaptionskip=\skip55
\captionindent=\dimen154

(d:/020_Software/T/texlive/2025/texmf-dist/tex/latex/amscls/amsthm.sty
Package: amsthm 2020/05/29 v2.20.6
\thm@style=\toks23
\thm@bodyfont=\toks24
\thm@headfont=\toks25
\thm@notefont=\toks26
\thm@headpunct=\toks27
\thm@preskip=\skip56
\thm@postskip=\skip57
\thm@headsep=\skip58
\dth@everypar=\toks28
)
LaTeX Info: Redefining \textprime on input line 1393.
)
(d:/020_Software/T/texlive/2025/texmf-dist/tex/latex/paralist/paralist.sty
Package: paralist 2017/01/22 v2.7 Extended list environments
\pltopsep=\skip59
\plpartopsep=\skip60
\plitemsep=\skip61
\plparsep=\skip62
\pl@lab=\toks29
)
(d:/020_Software/T/texlive/2025/texmf-dist/tex/latex/ifsym/ifsym.sty
Package: ifsym 2000/04/18 I.Kloeckl

(d:/020_Software/T/texlive/2025/texmf-dist/tex/latex/tools/calc.sty
Package: calc 2023/07/08 v4.3 Infix arithmetic (KKT,FJ)
\calc@Acount=\count283
\calc@Bcount=\count284
\calc@Adimen=\dimen155
\calc@Bdimen=\dimen156
\calc@Askip=\skip63
\calc@Bskip=\skip64
LaTeX Info: Redefining \setlength on input line 80.
LaTeX Info: Redefining \addtolength on input line 81.
\calc@Ccount=\count285
\calc@Cskip=\skip65
)
\c@ifsymcnt=\count286
)
(d:/020_Software/T/texlive/2025/texmf-dist/tex/latex/booktabs/booktabs.sty
Package: booktabs 2020/01/12 v1.61803398 Publication quality tables
\heavyrulewidth=\dimen157
\lightrulewidth=\dimen158
\cmidrulewidth=\dimen159
\belowrulesep=\dimen160
\belowbottomsep=\dimen161
\aboverulesep=\dimen162
\abovetopsep=\dimen163
\cmidrulesep=\dimen164
\cmidrulekern=\dimen165
\defaultaddspace=\dimen166
\@cmidla=\count287
\@cmidlb=\count288
\@aboverulesep=\dimen167
\@belowrulesep=\dimen168
\@thisruleclass=\count289
\@lastruleclass=\count290
\@thisrulewidth=\dimen169
)
(d:/020_Software/T/texlive/2025/texmf-dist/tex/latex/graphics/epsfig.sty
Package: epsfig 2024/01/14 v1.7b (e)psfig emulation (SPQR)
\epsfxsize=\dimen170
\epsfysize=\dimen171
)
(d:/020_Software/T/texlive/2025/texmf-dist/tex/latex/epstopdf-pkg/epstopdf.sty
Package: epstopdf 2020-01-24 v2.11 Conversion with epstopdf on the fly (HO)

(d:/020_Software/T/texlive/2025/texmf-dist/tex/generic/infwarerr/infwarerr.sty
Package: infwarerr 2019/12/03 v1.5 Providing info/warning/error messages (HO)
) (d:/020_Software/T/texlive/2025/texmf-dist/tex/latex/grfext/grfext.sty
Package: grfext 2019/12/03 v1.3 Manage graphics extensions (HO)

(d:/020_Software/T/texlive/2025/texmf-dist/tex/generic/kvdefinekeys/kvdefinekey
s.sty
Package: kvdefinekeys 2019-12-19 v1.6 Define keys (HO)
))
(d:/020_Software/T/texlive/2025/texmf-dist/tex/latex/kvoptions/kvoptions.sty
Package: kvoptions 2022-06-15 v3.15 Key value format for package options (HO)

(d:/020_Software/T/texlive/2025/texmf-dist/tex/generic/ltxcmds/ltxcmds.sty
Package: ltxcmds 2023-12-04 v1.26 LaTeX kernel commands for general use (HO)
)
(d:/020_Software/T/texlive/2025/texmf-dist/tex/latex/kvsetkeys/kvsetkeys.sty
Package: kvsetkeys 2022-10-05 v1.19 Key value parser (HO)
))
(d:/020_Software/T/texlive/2025/texmf-dist/tex/generic/pdftexcmds/pdftexcmds.st
y
Package: pdftexcmds 2020-06-27 v0.33 Utility functions of pdfTeX for LuaTeX (HO
)
 (d:/020_Software/T/texlive/2025/texmf-dist/tex/generic/iftex/iftex.sty
Package: iftex 2024/12/12 v1.0g TeX engine tests
)
Package pdftexcmds Info: \pdf@primitive is available.
Package pdftexcmds Info: \pdf@ifprimitive is available.
Package pdftexcmds Info: \pdfdraftmode found.
)
(d:/020_Software/T/texlive/2025/texmf-dist/tex/latex/epstopdf-pkg/epstopdf-base
.sty
Package: epstopdf-base 2020-01-24 v2.11 Base part for package epstopdf
Package epstopdf-base Info: Redefining graphics rule for `.eps' on input line 4
85.
Package grfext Info: Graphics extension search list:
(grfext)             [.pdf,.png,.jpg,.mps,.jpeg,.jbig2,.jb2,.PDF,.PNG,.JPG,.JPE
G,.JBIG2,.JB2,.eps]
(grfext)             \AppendGraphicsExtensions on input line 504.

(d:/020_Software/T/texlive/2025/texmf-dist/tex/latex/latexconfig/epstopdf-sys.c
fg
File: epstopdf-sys.cfg 2010/07/13 v1.3 Configuration of (r)epstopdf for TeX Liv
e
)))
(d:/020_Software/T/texlive/2025/texmf-dist/tex/latex/hyperref/hyperref.sty
Package: hyperref 2024-11-05 v7.01l Hypertext links for LaTeX

(d:/020_Software/T/texlive/2025/texmf-dist/tex/generic/pdfescape/pdfescape.sty
Package: pdfescape 2019/12/09 v1.15 Implements pdfTeX's escape features (HO)
) (d:/020_Software/T/texlive/2025/texmf-dist/tex/latex/hycolor/hycolor.sty
Package: hycolor 2020-01-27 v1.10 Color options for hyperref/bookmark (HO)
)
(d:/020_Software/T/texlive/2025/texmf-dist/tex/latex/hyperref/nameref.sty
Package: nameref 2023-11-26 v2.56 Cross-referencing by name of section

(d:/020_Software/T/texlive/2025/texmf-dist/tex/latex/refcount/refcount.sty
Package: refcount 2019/12/15 v3.6 Data extraction from label references (HO)
)
(d:/020_Software/T/texlive/2025/texmf-dist/tex/generic/gettitlestring/gettitles
tring.sty
Package: gettitlestring 2019/12/15 v1.6 Cleanup title references (HO)
)
\c@section@level=\count291
)
(d:/020_Software/T/texlive/2025/texmf-dist/tex/latex/etoolbox/etoolbox.sty
Package: etoolbox 2025/02/11 v2.5l e-TeX tools for LaTeX (JAW)
\etb@tempcnta=\count292
)
(d:/020_Software/T/texlive/2025/texmf-dist/tex/generic/stringenc/stringenc.sty
Package: stringenc 2019/11/29 v1.12 Convert strings between diff. encodings (HO
)
)
\@linkdim=\dimen172
\Hy@linkcounter=\count293
\Hy@pagecounter=\count294
(d:/020_Software/T/texlive/2025/texmf-dist/tex/latex/hyperref/pd1enc.def
File: pd1enc.def 2024-11-05 v7.01l Hyperref: PDFDocEncoding definition (HO)
Now handling font encoding PD1 ...
... no UTF-8 mapping file for font encoding PD1
)
(d:/020_Software/T/texlive/2025/texmf-dist/tex/generic/intcalc/intcalc.sty
Package: intcalc 2019/12/15 v1.3 Expandable calculations with integers (HO)
)
\Hy@SavedSpaceFactor=\count295

(d:/020_Software/T/texlive/2025/texmf-dist/tex/latex/hyperref/puenc.def
File: puenc.def 2024-11-05 v7.01l Hyperref: PDF Unicode definition (HO)
Now handling font encoding PU ...
... no UTF-8 mapping file for font encoding PU
)
Package hyperref Info: Option `colorlinks' set `true' on input line 4040.
Package hyperref Info: Hyper figures OFF on input line 4157.
Package hyperref Info: Link nesting OFF on input line 4162.
Package hyperref Info: Hyper index ON on input line 4165.
Package hyperref Info: Plain pages OFF on input line 4172.
Package hyperref Info: Backreferencing OFF on input line 4177.
Package hyperref Info: Implicit mode ON; LaTeX internals redefined.
Package hyperref Info: Bookmarks ON on input line 4424.
\c@Hy@tempcnt=\count296

(d:/020_Software/T/texlive/2025/texmf-dist/tex/latex/url/url.sty
\Urlmuskip=\muskip18
Package: url 2013/09/16  ver 3.4  Verb mode for urls, etc.
)
LaTeX Info: Redefining \url on input line 4763.
\XeTeXLinkMargin=\dimen173

(d:/020_Software/T/texlive/2025/texmf-dist/tex/generic/bitset/bitset.sty
Package: bitset 2019/12/09 v1.3 Handle bit-vector datatype (HO)

(d:/020_Software/T/texlive/2025/texmf-dist/tex/generic/bigintcalc/bigintcalc.st
y
Package: bigintcalc 2019/12/15 v1.5 Expandable calculations on big integers (HO
)
))
\Fld@menulength=\count297
\Field@Width=\dimen174
\Fld@charsize=\dimen175
Package hyperref Info: Hyper figures OFF on input line 6042.
Package hyperref Info: Link nesting OFF on input line 6047.
Package hyperref Info: Hyper index ON on input line 6050.
Package hyperref Info: backreferencing OFF on input line 6057.
Package hyperref Info: Link coloring ON on input line 6060.
Package hyperref Info: Link coloring with OCG OFF on input line 6067.
Package hyperref Info: PDF/A mode OFF on input line 6072.
 (d:/020_Software/T/texlive/2025/texmf-dist/tex/latex/base/atbegshi-ltx.sty
Package: atbegshi-ltx 2021/01/10 v1.0c Emulation of the original atbegshi
package with kernel methods
)
\Hy@abspage=\count298
\c@Item=\count299
\c@Hfootnote=\count300
)
Package hyperref Info: Driver (autodetected): hpdftex.
 (d:/020_Software/T/texlive/2025/texmf-dist/tex/latex/hyperref/hpdftex.def
File: hpdftex.def 2024-11-05 v7.01l Hyperref driver for pdfTeX

(d:/020_Software/T/texlive/2025/texmf-dist/tex/latex/base/atveryend-ltx.sty
Package: atveryend-ltx 2020/08/19 v1.0a Emulation of the original atveryend pac
kage
with kernel methods
)
\Fld@listcount=\count301
\c@bookmark@seq@number=\count302

(d:/020_Software/T/texlive/2025/texmf-dist/tex/latex/rerunfilecheck/rerunfilech
eck.sty
Package: rerunfilecheck 2022-07-10 v1.10 Rerun checks for auxiliary files (HO)

(d:/020_Software/T/texlive/2025/texmf-dist/tex/generic/uniquecounter/uniquecoun
ter.sty
Package: uniquecounter 2019/12/15 v1.4 Provide unlimited unique counter (HO)
)
Package uniquecounter Info: New unique counter `rerunfilecheck' on input line 2
85.
)
\Hy@SectionHShift=\skip66
)
(d:/020_Software/T/texlive/2025/texmf-dist/tex/latex/multirow/multirow.sty
Package: multirow 2024/11/12 v2.9 Span multiple rows of a table
\multirow@colwidth=\skip67
\multirow@cntb=\count303
\multirow@dima=\skip68
\bigstrutjot=\dimen176
)
(d:/020_Software/T/texlive/2025/texmf-dist/tex/latex/siunitx/siunitx.sty
Package: siunitx 2025-02-27 v3.4.6 A comprehensive (SI) units package
\l__siunitx_number_uncert_offset_int=\count304
\l__siunitx_number_exponent_fixed_int=\count305
\l__siunitx_number_min_decimal_int=\count306
\l__siunitx_number_min_integer_int=\count307
\l__siunitx_number_round_precision_int=\count308
\l__siunitx_number_lower_threshold_int=\count309
\l__siunitx_number_upper_threshold_int=\count310
\l__siunitx_number_group_first_int=\count311
\l__siunitx_number_group_size_int=\count312
\l__siunitx_number_group_minimum_int=\count313
\l__siunitx_angle_tmp_dim=\dimen177
\l__siunitx_angle_marker_box=\box55
\l__siunitx_angle_unit_box=\box56
\l__siunitx_compound_count_int=\count314

(d:/020_Software/T/texlive/2025/texmf-dist/tex/latex/translations/translations.
sty
Package: translations 2022/02/05 v1.12 internationalization of LaTeX2e packages
 (CN)
)
\l__siunitx_table_tmp_box=\box57
\l__siunitx_table_tmp_dim=\dimen178
\l__siunitx_table_column_width_dim=\dimen179
\l__siunitx_table_integer_box=\box58
\l__siunitx_table_decimal_box=\box59
\l__siunitx_table_uncert_box=\box60
\l__siunitx_table_before_box=\box61
\l__siunitx_table_after_box=\box62
\l__siunitx_table_before_dim=\dimen180
\l__siunitx_table_carry_dim=\dimen181
\l__siunitx_unit_tmp_int=\count315
\l__siunitx_unit_position_int=\count316
\l__siunitx_unit_total_int=\count317
 (d:/020_Software/T/texlive/2025/texmf-dist/tex/latex/tools/array.sty
Package: array 2024/10/17 v2.6g Tabular extension package (FMi)
\col@sep=\dimen182
\ar@mcellbox=\box63
\extrarowheight=\dimen183
\NC@list=\toks30
\extratabsurround=\skip69
\backup@length=\skip70
\ar@cellbox=\box64
))
(d:/020_Software/T/texlive/2025/texmf-dist/tex/latex/colortbl/colortbl.sty
Package: colortbl 2024/07/06 v1.0i Color table columns (DPC)
\everycr=\toks31
\minrowclearance=\skip71
\rownum=\count318
)
(d:/020_Software/T/texlive/2025/texmf-dist/tex/latex/tools/bm.sty
Package: bm 2023/12/19 v1.2f Bold Symbol Support (DPC/FMi)
\symboldoperators=\mathgroup6
\symboldletters=\mathgroup7
\symboldsymbols=\mathgroup8
Package bm Info: No bold for \OMX/cmex/m/n, using \pmb.
Package bm Info: No bold for \U/msa/m/n, using \pmb.
Package bm Info: No bold for \U/msb/m/n, using \pmb.
LaTeX Font Info:    Redeclaring math alphabet \mathbf on input line 149.
)
\c@theorem=\count319

(d:/020_Software/T/texlive/2025/texmf-dist/tex/latex/pgf/frontendlayer/tikz.sty
(d:/020_Software/T/texlive/2025/texmf-dist/tex/latex/pgf/basiclayer/pgf.sty
(d:/020_Software/T/texlive/2025/texmf-dist/tex/latex/pgf/utilities/pgfrcs.sty
(d:/020_Software/T/texlive/2025/texmf-dist/tex/generic/pgf/utilities/pgfutil-co
mmon.tex
\pgfutil@everybye=\toks32
\pgfutil@tempdima=\dimen184
\pgfutil@tempdimb=\dimen185
)
(d:/020_Software/T/texlive/2025/texmf-dist/tex/generic/pgf/utilities/pgfutil-la
tex.def
\pgfutil@abb=\box65
)
(d:/020_Software/T/texlive/2025/texmf-dist/tex/generic/pgf/utilities/pgfrcs.cod
e.tex
(d:/020_Software/T/texlive/2025/texmf-dist/tex/generic/pgf/pgf.revision.tex)
Package: pgfrcs 2023-01-15 v3.1.10 (3.1.10)
))
Package: pgf 2023-01-15 v3.1.10 (3.1.10)

(d:/020_Software/T/texlive/2025/texmf-dist/tex/latex/pgf/basiclayer/pgfcore.sty

(d:/020_Software/T/texlive/2025/texmf-dist/tex/latex/pgf/systemlayer/pgfsys.sty

(d:/020_Software/T/texlive/2025/texmf-dist/tex/generic/pgf/systemlayer/pgfsys.c
ode.tex
Package: pgfsys 2023-01-15 v3.1.10 (3.1.10)

(d:/020_Software/T/texlive/2025/texmf-dist/tex/generic/pgf/utilities/pgfkeys.co
de.tex
\pgfkeys@pathtoks=\toks33
\pgfkeys@temptoks=\toks34

(d:/020_Software/T/texlive/2025/texmf-dist/tex/generic/pgf/utilities/pgfkeyslib
raryfiltered.code.tex
\pgfkeys@tmptoks=\toks35
))
\pgf@x=\dimen186
\pgf@y=\dimen187
\pgf@xa=\dimen188
\pgf@ya=\dimen189
\pgf@xb=\dimen190
\pgf@yb=\dimen191
\pgf@xc=\dimen192
\pgf@yc=\dimen193
\pgf@xd=\dimen194
\pgf@yd=\dimen195
\w@pgf@writea=\write3
\r@pgf@reada=\read2
\c@pgf@counta=\count320
\c@pgf@countb=\count321
\c@pgf@countc=\count322
\c@pgf@countd=\count323
\t@pgf@toka=\toks36
\t@pgf@tokb=\toks37
\t@pgf@tokc=\toks38
\pgf@sys@id@count=\count324

(d:/020_Software/T/texlive/2025/texmf-dist/tex/generic/pgf/systemlayer/pgf.cfg
File: pgf.cfg 2023-01-15 v3.1.10 (3.1.10)
)
Driver file for pgf: pgfsys-pdftex.def

(d:/020_Software/T/texlive/2025/texmf-dist/tex/generic/pgf/systemlayer/pgfsys-p
dftex.def
File: pgfsys-pdftex.def 2023-01-15 v3.1.10 (3.1.10)

(d:/020_Software/T/texlive/2025/texmf-dist/tex/generic/pgf/systemlayer/pgfsys-c
ommon-pdf.def
File: pgfsys-common-pdf.def 2023-01-15 v3.1.10 (3.1.10)
)))
(d:/020_Software/T/texlive/2025/texmf-dist/tex/generic/pgf/systemlayer/pgfsysso
ftpath.code.tex
File: pgfsyssoftpath.code.tex 2023-01-15 v3.1.10 (3.1.10)
\pgfsyssoftpath@smallbuffer@items=\count325
\pgfsyssoftpath@bigbuffer@items=\count326
)
(d:/020_Software/T/texlive/2025/texmf-dist/tex/generic/pgf/systemlayer/pgfsyspr
otocol.code.tex
File: pgfsysprotocol.code.tex 2023-01-15 v3.1.10 (3.1.10)
))
(d:/020_Software/T/texlive/2025/texmf-dist/tex/latex/xcolor/xcolor.sty
Package: xcolor 2024/09/29 v3.02 LaTeX color extensions (UK)

(d:/020_Software/T/texlive/2025/texmf-dist/tex/latex/graphics-cfg/color.cfg
File: color.cfg 2016/01/02 v1.6 sample color configuration
)
Package xcolor Info: Driver file: pdftex.def on input line 274.
LaTeX Info: Redefining \color on input line 762.

(d:/020_Software/T/texlive/2025/texmf-dist/tex/latex/graphics/mathcolor.ltx)
Package xcolor Info: Model `cmy' substituted by `cmy0' on input line 1349.
Package xcolor Info: Model `hsb' substituted by `rgb' on input line 1353.
Package xcolor Info: Model `RGB' extended on input line 1365.
Package xcolor Info: Model `HTML' substituted by `rgb' on input line 1367.
Package xcolor Info: Model `Hsb' substituted by `hsb' on input line 1368.
Package xcolor Info: Model `tHsb' substituted by `hsb' on input line 1369.
Package xcolor Info: Model `HSB' substituted by `hsb' on input line 1370.
Package xcolor Info: Model `Gray' substituted by `gray' on input line 1371.
Package xcolor Info: Model `wave' substituted by `hsb' on input line 1372.
)
(d:/020_Software/T/texlive/2025/texmf-dist/tex/generic/pgf/basiclayer/pgfcore.c
ode.tex
Package: pgfcore 2023-01-15 v3.1.10 (3.1.10)

(d:/020_Software/T/texlive/2025/texmf-dist/tex/generic/pgf/math/pgfmath.code.te
x
(d:/020_Software/T/texlive/2025/texmf-dist/tex/generic/pgf/math/pgfmathutil.cod
e.tex)
(d:/020_Software/T/texlive/2025/texmf-dist/tex/generic/pgf/math/pgfmathparser.c
ode.tex
\pgfmath@dimen=\dimen196
\pgfmath@count=\count327
\pgfmath@box=\box66
\pgfmath@toks=\toks39
\pgfmath@stack@operand=\toks40
\pgfmath@stack@operation=\toks41
)
(d:/020_Software/T/texlive/2025/texmf-dist/tex/generic/pgf/math/pgfmathfunction
s.code.tex)
(d:/020_Software/T/texlive/2025/texmf-dist/tex/generic/pgf/math/pgfmathfunction
s.basic.code.tex)
(d:/020_Software/T/texlive/2025/texmf-dist/tex/generic/pgf/math/pgfmathfunction
s.trigonometric.code.tex)
(d:/020_Software/T/texlive/2025/texmf-dist/tex/generic/pgf/math/pgfmathfunction
s.random.code.tex)
(d:/020_Software/T/texlive/2025/texmf-dist/tex/generic/pgf/math/pgfmathfunction
s.comparison.code.tex)
(d:/020_Software/T/texlive/2025/texmf-dist/tex/generic/pgf/math/pgfmathfunction
s.base.code.tex)
(d:/020_Software/T/texlive/2025/texmf-dist/tex/generic/pgf/math/pgfmathfunction
s.round.code.tex)
(d:/020_Software/T/texlive/2025/texmf-dist/tex/generic/pgf/math/pgfmathfunction
s.misc.code.tex)
(d:/020_Software/T/texlive/2025/texmf-dist/tex/generic/pgf/math/pgfmathfunction
s.integerarithmetics.code.tex)
(d:/020_Software/T/texlive/2025/texmf-dist/tex/generic/pgf/math/pgfmathcalc.cod
e.tex)
(d:/020_Software/T/texlive/2025/texmf-dist/tex/generic/pgf/math/pgfmathfloat.co
de.tex
\c@pgfmathroundto@lastzeros=\count328
))
(d:/020_Software/T/texlive/2025/texmf-dist/tex/generic/pgf/math/pgfint.code.tex
)
(d:/020_Software/T/texlive/2025/texmf-dist/tex/generic/pgf/basiclayer/pgfcorepo
ints.code.tex
File: pgfcorepoints.code.tex 2023-01-15 v3.1.10 (3.1.10)
\pgf@picminx=\dimen197
\pgf@picmaxx=\dimen198
\pgf@picminy=\dimen199
\pgf@picmaxy=\dimen256
\pgf@pathminx=\dimen257
\pgf@pathmaxx=\dimen258
\pgf@pathminy=\dimen259
\pgf@pathmaxy=\dimen260
\pgf@xx=\dimen261
\pgf@xy=\dimen262
\pgf@yx=\dimen263
\pgf@yy=\dimen264
\pgf@zx=\dimen265
\pgf@zy=\dimen266
)
(d:/020_Software/T/texlive/2025/texmf-dist/tex/generic/pgf/basiclayer/pgfcorepa
thconstruct.code.tex
File: pgfcorepathconstruct.code.tex 2023-01-15 v3.1.10 (3.1.10)
\pgf@path@lastx=\dimen267
\pgf@path@lasty=\dimen268
)
(d:/020_Software/T/texlive/2025/texmf-dist/tex/generic/pgf/basiclayer/pgfcorepa
thusage.code.tex
File: pgfcorepathusage.code.tex 2023-01-15 v3.1.10 (3.1.10)
\pgf@shorten@end@additional=\dimen269
\pgf@shorten@start@additional=\dimen270
)
(d:/020_Software/T/texlive/2025/texmf-dist/tex/generic/pgf/basiclayer/pgfcoresc
opes.code.tex
File: pgfcorescopes.code.tex 2023-01-15 v3.1.10 (3.1.10)
\pgfpic=\box67
\pgf@hbox=\box68
\pgf@layerbox@main=\box69
\pgf@picture@serial@count=\count329
)
(d:/020_Software/T/texlive/2025/texmf-dist/tex/generic/pgf/basiclayer/pgfcoregr
aphicstate.code.tex
File: pgfcoregraphicstate.code.tex 2023-01-15 v3.1.10 (3.1.10)
\pgflinewidth=\dimen271
)
(d:/020_Software/T/texlive/2025/texmf-dist/tex/generic/pgf/basiclayer/pgfcoretr
ansformations.code.tex
File: pgfcoretransformations.code.tex 2023-01-15 v3.1.10 (3.1.10)
\pgf@pt@x=\dimen272
\pgf@pt@y=\dimen273
\pgf@pt@temp=\dimen274
)
(d:/020_Software/T/texlive/2025/texmf-dist/tex/generic/pgf/basiclayer/pgfcorequ
ick.code.tex
File: pgfcorequick.code.tex 2023-01-15 v3.1.10 (3.1.10)
)
(d:/020_Software/T/texlive/2025/texmf-dist/tex/generic/pgf/basiclayer/pgfcoreob
jects.code.tex
File: pgfcoreobjects.code.tex 2023-01-15 v3.1.10 (3.1.10)
)
(d:/020_Software/T/texlive/2025/texmf-dist/tex/generic/pgf/basiclayer/pgfcorepa
thprocessing.code.tex
File: pgfcorepathprocessing.code.tex 2023-01-15 v3.1.10 (3.1.10)
)
(d:/020_Software/T/texlive/2025/texmf-dist/tex/generic/pgf/basiclayer/pgfcorear
rows.code.tex
File: pgfcorearrows.code.tex 2023-01-15 v3.1.10 (3.1.10)
\pgfarrowsep=\dimen275
)
(d:/020_Software/T/texlive/2025/texmf-dist/tex/generic/pgf/basiclayer/pgfcoresh
ade.code.tex
File: pgfcoreshade.code.tex 2023-01-15 v3.1.10 (3.1.10)
\pgf@max=\dimen276
\pgf@sys@shading@range@num=\count330
\pgf@shadingcount=\count331
)
(d:/020_Software/T/texlive/2025/texmf-dist/tex/generic/pgf/basiclayer/pgfcoreim
age.code.tex
File: pgfcoreimage.code.tex 2023-01-15 v3.1.10 (3.1.10)
)
(d:/020_Software/T/texlive/2025/texmf-dist/tex/generic/pgf/basiclayer/pgfcoreex
ternal.code.tex
File: pgfcoreexternal.code.tex 2023-01-15 v3.1.10 (3.1.10)
\pgfexternal@startupbox=\box70
)
(d:/020_Software/T/texlive/2025/texmf-dist/tex/generic/pgf/basiclayer/pgfcorela
yers.code.tex
File: pgfcorelayers.code.tex 2023-01-15 v3.1.10 (3.1.10)
)
(d:/020_Software/T/texlive/2025/texmf-dist/tex/generic/pgf/basiclayer/pgfcoretr
ansparency.code.tex
File: pgfcoretransparency.code.tex 2023-01-15 v3.1.10 (3.1.10)
)
(d:/020_Software/T/texlive/2025/texmf-dist/tex/generic/pgf/basiclayer/pgfcorepa
tterns.code.tex
File: pgfcorepatterns.code.tex 2023-01-15 v3.1.10 (3.1.10)
)
(d:/020_Software/T/texlive/2025/texmf-dist/tex/generic/pgf/basiclayer/pgfcorerd
f.code.tex
File: pgfcorerdf.code.tex 2023-01-15 v3.1.10 (3.1.10)
)))
(d:/020_Software/T/texlive/2025/texmf-dist/tex/generic/pgf/modules/pgfmodulesha
pes.code.tex
File: pgfmoduleshapes.code.tex 2023-01-15 v3.1.10 (3.1.10)
\pgfnodeparttextbox=\box71
)
(d:/020_Software/T/texlive/2025/texmf-dist/tex/generic/pgf/modules/pgfmoduleplo
t.code.tex
File: pgfmoduleplot.code.tex 2023-01-15 v3.1.10 (3.1.10)
)
(d:/020_Software/T/texlive/2025/texmf-dist/tex/latex/pgf/compatibility/pgfcomp-
version-0-65.sty
Package: pgfcomp-version-0-65 2023-01-15 v3.1.10 (3.1.10)
\pgf@nodesepstart=\dimen277
\pgf@nodesepend=\dimen278
)
(d:/020_Software/T/texlive/2025/texmf-dist/tex/latex/pgf/compatibility/pgfcomp-
version-1-18.sty
Package: pgfcomp-version-1-18 2023-01-15 v3.1.10 (3.1.10)
))
(d:/020_Software/T/texlive/2025/texmf-dist/tex/latex/pgf/utilities/pgffor.sty
(d:/020_Software/T/texlive/2025/texmf-dist/tex/latex/pgf/utilities/pgfkeys.sty
(d:/020_Software/T/texlive/2025/texmf-dist/tex/generic/pgf/utilities/pgfkeys.co
de.tex))
(d:/020_Software/T/texlive/2025/texmf-dist/tex/latex/pgf/math/pgfmath.sty
(d:/020_Software/T/texlive/2025/texmf-dist/tex/generic/pgf/math/pgfmath.code.te
x))
(d:/020_Software/T/texlive/2025/texmf-dist/tex/generic/pgf/utilities/pgffor.cod
e.tex
Package: pgffor 2023-01-15 v3.1.10 (3.1.10)
\pgffor@iter=\dimen279
\pgffor@skip=\dimen280
\pgffor@stack=\toks42
\pgffor@toks=\toks43
))
(d:/020_Software/T/texlive/2025/texmf-dist/tex/generic/pgf/frontendlayer/tikz/t
ikz.code.tex
Package: tikz 2023-01-15 v3.1.10 (3.1.10)

(d:/020_Software/T/texlive/2025/texmf-dist/tex/generic/pgf/libraries/pgflibrary
plothandlers.code.tex
File: pgflibraryplothandlers.code.tex 2023-01-15 v3.1.10 (3.1.10)
\pgf@plot@mark@count=\count332
\pgfplotmarksize=\dimen281
)
\tikz@lastx=\dimen282
\tikz@lasty=\dimen283
\tikz@lastxsaved=\dimen284
\tikz@lastysaved=\dimen285
\tikz@lastmovetox=\dimen286
\tikz@lastmovetoy=\dimen287
\tikzleveldistance=\dimen288
\tikzsiblingdistance=\dimen289
\tikz@figbox=\box72
\tikz@figbox@bg=\box73
\tikz@tempbox=\box74
\tikz@tempbox@bg=\box75
\tikztreelevel=\count333
\tikznumberofchildren=\count334
\tikznumberofcurrentchild=\count335
\tikz@fig@count=\count336

(d:/020_Software/T/texlive/2025/texmf-dist/tex/generic/pgf/modules/pgfmodulemat
rix.code.tex
File: pgfmodulematrix.code.tex 2023-01-15 v3.1.10 (3.1.10)
\pgfmatrixcurrentrow=\count337
\pgfmatrixcurrentcolumn=\count338
\pgf@matrix@numberofcolumns=\count339
)
\tikz@expandcount=\count340

(d:/020_Software/T/texlive/2025/texmf-dist/tex/generic/pgf/frontendlayer/tikz/l
ibraries/tikzlibrarytopaths.code.tex
File: tikzlibrarytopaths.code.tex 2023-01-15 v3.1.10 (3.1.10)
)))
(d:/020_Software/T/texlive/2025/texmf-dist/tex/generic/pgf/frontendlayer/tikz/l
ibraries/tikzlibrarypatterns.code.tex
File: tikzlibrarypatterns.code.tex 2023-01-15 v3.1.10 (3.1.10)

(d:/020_Software/T/texlive/2025/texmf-dist/tex/generic/pgf/libraries/pgflibrary
patterns.code.tex
File: pgflibrarypatterns.code.tex 2023-01-15 v3.1.10 (3.1.10)
))
(d:/020_Software/T/texlive/2025/texmf-dist/tex/generic/pgf/frontendlayer/tikz/l
ibraries/tikzlibrarymatrix.code.tex
File: tikzlibrarymatrix.code.tex 2023-01-15 v3.1.10 (3.1.10)
)
(d:/020_Software/T/texlive/2025/texmf-dist/tex/generic/pgf/frontendlayer/tikz/l
ibraries/tikzlibraryshapes.code.tex
File: tikzlibraryshapes.code.tex 2023-01-15 v3.1.10 (3.1.10)

(d:/020_Software/T/texlive/2025/texmf-dist/tex/generic/pgf/frontendlayer/tikz/l
ibraries/tikzlibraryshapes.geometric.code.tex
File: tikzlibraryshapes.geometric.code.tex 2023-01-15 v3.1.10 (3.1.10)

(d:/020_Software/T/texlive/2025/texmf-dist/tex/generic/pgf/libraries/shapes/pgf
libraryshapes.geometric.code.tex
File: pgflibraryshapes.geometric.code.tex 2023-01-15 v3.1.10 (3.1.10)
))
(d:/020_Software/T/texlive/2025/texmf-dist/tex/generic/pgf/frontendlayer/tikz/l
ibraries/tikzlibraryshapes.misc.code.tex
File: tikzlibraryshapes.misc.code.tex 2023-01-15 v3.1.10 (3.1.10)

(d:/020_Software/T/texlive/2025/texmf-dist/tex/generic/pgf/libraries/shapes/pgf
libraryshapes.misc.code.tex
File: pgflibraryshapes.misc.code.tex 2023-01-15 v3.1.10 (3.1.10)
))
(d:/020_Software/T/texlive/2025/texmf-dist/tex/generic/pgf/frontendlayer/tikz/l
ibraries/tikzlibraryshapes.symbols.code.tex
File: tikzlibraryshapes.symbols.code.tex 2023-01-15 v3.1.10 (3.1.10)

(d:/020_Software/T/texlive/2025/texmf-dist/tex/generic/pgf/libraries/shapes/pgf
libraryshapes.symbols.code.tex
File: pgflibraryshapes.symbols.code.tex 2023-01-15 v3.1.10 (3.1.10)
))
(d:/020_Software/T/texlive/2025/texmf-dist/tex/generic/pgf/frontendlayer/tikz/l
ibraries/tikzlibraryshapes.arrows.code.tex
File: tikzlibraryshapes.arrows.code.tex 2023-01-15 v3.1.10 (3.1.10)

(d:/020_Software/T/texlive/2025/texmf-dist/tex/generic/pgf/libraries/shapes/pgf
libraryshapes.arrows.code.tex
File: pgflibraryshapes.arrows.code.tex 2023-01-15 v3.1.10 (3.1.10)
))
(d:/020_Software/T/texlive/2025/texmf-dist/tex/generic/pgf/frontendlayer/tikz/l
ibraries/tikzlibraryshapes.callouts.code.tex
(d:/020_Software/T/texlive/2025/texmf-dist/tex/generic/pgf/libraries/shapes/pgf
libraryshapes.callouts.code.tex))
(d:/020_Software/T/texlive/2025/texmf-dist/tex/generic/pgf/frontendlayer/tikz/l
ibraries/tikzlibraryshapes.multipart.code.tex
File: tikzlibraryshapes.multipart.code.tex 2023-01-15 v3.1.10 (3.1.10)

(d:/020_Software/T/texlive/2025/texmf-dist/tex/generic/pgf/libraries/shapes/pgf
libraryshapes.multipart.code.tex
File: pgflibraryshapes.multipart.code.tex 2023-01-15 v3.1.10 (3.1.10)
\pgfnodepartlowerbox=\box76
\pgfnodeparttwobox=\box77
\pgfnodepartthreebox=\box78
\pgfnodepartfourbox=\box79
\pgfnodeparttwentybox=\box80
\pgfnodepartnineteenbox=\box81
\pgfnodeparteighteenbox=\box82
\pgfnodepartseventeenbox=\box83
\pgfnodepartsixteenbox=\box84
\pgfnodepartfifteenbox=\box85
\pgfnodepartfourteenbox=\box86
\pgfnodepartthirteenbox=\box87
\pgfnodeparttwelvebox=\box88
\pgfnodepartelevenbox=\box89
\pgfnodeparttenbox=\box90
\pgfnodepartninebox=\box91
\pgfnodeparteightbox=\box92
\pgfnodepartsevenbox=\box93
\pgfnodepartsixbox=\box94
\pgfnodepartfivebox=\box95
)))
(d:/020_Software/T/texlive/2025/texmf-dist/tex/generic/pgf/frontendlayer/tikz/l
ibraries/tikzlibrarybackgrounds.code.tex
File: tikzlibrarybackgrounds.code.tex 2023-01-15 v3.1.10 (3.1.10)
\pgf@layerbox@background=\box96
\pgf@layerboxsaved@background=\box97
) (./Macros.tex)
(d:/020_Software/T/texlive/2025/texmf-dist/tex/latex/lineno/lineno.sty
Package: lineno 2025/01/29 line numbers on paragraphs v5.4
\linenopenalty=\count341
\output=\toks44
\linenoprevgraf=\count342
\linenumbersep=\dimen290
\linenumberwidth=\dimen291
\c@linenumber=\count343
\c@pagewiselinenumber=\count344
\c@LN@truepage=\count345
\c@internallinenumber=\count346
\c@internallinenumbers=\count347
\quotelinenumbersep=\dimen292
\bframerule=\dimen293
\bframesep=\dimen294
\bframebox=\box98
\@LN@amsmath@ams@eqpen=\count348
LaTeX Info: Redefining \\ on input line 3187.
)
Package translations Info: No language package found. I am going to use `englis
h' as default language. on input line 124.

(d:/020_Software/T/texlive/2025/texmf-dist/tex/latex/l3backend/l3backend-pdftex
.def
File: l3backend-pdftex.def 2024-05-08 L3 backend support: PDF output (pdfTeX)
\l__color_backend_stack_int=\count349
\l__pdf_internal_box=\box99
)
No file main.aux.
\openout1 = `main.aux'.

LaTeX Font Info:    Checking defaults for OML/cmm/m/it on input line 124.
LaTeX Font Info:    ... okay on input line 124.
LaTeX Font Info:    Checking defaults for OMS/cmsy/m/n on input line 124.
LaTeX Font Info:    ... okay on input line 124.
LaTeX Font Info:    Checking defaults for OT1/cmr/m/n on input line 124.
LaTeX Font Info:    ... okay on input line 124.
LaTeX Font Info:    Checking defaults for T1/cmr/m/n on input line 124.
LaTeX Font Info:    ... okay on input line 124.
LaTeX Font Info:    Checking defaults for TS1/cmr/m/n on input line 124.
LaTeX Font Info:    ... okay on input line 124.
LaTeX Font Info:    Checking defaults for OMX/cmex/m/n on input line 124.
LaTeX Font Info:    ... okay on input line 124.
LaTeX Font Info:    Checking defaults for U/cmr/m/n on input line 124.
LaTeX Font Info:    ... okay on input line 124.
LaTeX Font Info:    Checking defaults for PD1/pdf/m/n on input line 124.
LaTeX Font Info:    ... okay on input line 124.
LaTeX Font Info:    Checking defaults for PU/pdf/m/n on input line 124.
LaTeX Font Info:    ... okay on input line 124.
(d:/020_Software/T/texlive/2025/texmf-dist/tex/context/base/mkii/supp-pdf.mkii
[Loading MPS to PDF converter (version 2006.09.02).]
\scratchcounter=\count350
\scratchdimen=\dimen295
\scratchbox=\box100
\nofMPsegments=\count351
\nofMParguments=\count352
\everyMPshowfont=\toks45
\MPscratchCnt=\count353
\MPscratchDim=\dimen296
\MPnumerator=\count354
\makeMPintoPDFobject=\count355
\everyMPtoPDFconversion=\toks46
)
LaTeX Font Info:    Trying to load font information for U+msa on input line 124
.
 (d:/020_Software/T/texlive/2025/texmf-dist/tex/latex/amsfonts/umsa.fd
File: umsa.fd 2013/01/14 v3.01 AMS symbols A
)
LaTeX Font Info:    Trying to load font information for U+msb on input line 124
.

(d:/020_Software/T/texlive/2025/texmf-dist/tex/latex/amsfonts/umsb.fd
File: umsb.fd 2013/01/14 v3.01 AMS symbols B
)
Package hyperref Info: Link coloring ON on input line 124.
\@outlinefile=\write4
\openout4 = `main.out'.


(d:/020_Software/T/texlive/2025/texmf-dist/tex/latex/translations/translations-
basic-dictionary-english.trsl
File: translations-basic-dictionary-english.trsl (english translation file `tra
nslations-basic-dictionary')
)
Package translations Info: loading dictionary `translations-basic-dictionary' f
or `english'. on input line 124.
LaTeX Font Info:    Trying to load font information for U+ifsym on input line 1
33.

(d:/020_Software/T/texlive/2025/texmf-dist/tex/latex/ifsym/uifsym.fd)

LaTeX Font Warning: Font shape `U/ifsym/m/sc' undefined
(Font)              using `U/ifsym/m/n' instead on input line 133.


Class aims Warning: Abstract should precede \maketitle in AMS documentclasses; 
reported on input line 169.


LaTeX Warning: Citation `borsic2009vivo' on page 1 undefined on input line 206.



LaTeX Warning: Citation `karhunen2010electrical' on page 1 undefined on input l
ine 206.


LaTeX Warning: Citation `somersalo1992existence' on page 1 undefined on input l
ine 224.



<AIMS_Logo.pdf, id=9, 978.38326pt x 994.4593pt>
File: AIMS_Logo.pdf Graphic file (type pdf)
<use AIMS_Logo.pdf>
Package pdftex.def Info: AIMS_Logo.pdf  used on input line 234.
(pdftex.def)             Requested size: 28.90866pt x 29.37726pt.

Overfull \vbox (32.36975pt too high) has occurred while \output is active []


[1{d:/020_Software/T/texlive/2025/texmf-var/fonts/map/pdftex/updmap/pdftex.map}
 <./AIMS_Logo.pdf>]

LaTeX Warning: Reference `eq:maxwell1' on page 2 undefined on input line 242.


LaTeX Warning: Reference `eq:CEM' on page 2 undefined on input line 242.


LaTeX Warning: Citation `rasanen2023kuopio' on page 2 undefined on input line 2
72.


LaTeX Warning: Reference `fig:eit_illustration' on page 2 undefined on input li
ne 279.


LaTeX Warning: Reference `fig:eit_illustration' on page 2 undefined on input li
ne 344.


LaTeX Warning: Reference `sec:FCUNet' on page 2 undefined on input line 364.


LaTeX Warning: Reference `sec:post_unet' on page 2 undefined on input line 365.




[2]

LaTeX Warning: Reference `sec:cond_score' on page 3 undefined on input line 366
.


Overfull \hbox (4.7189pt too wide) in paragraph at lines 369--370
[]\OT1/cmr/m/n/10 Both \OT1/cmss/m/n/10 FC U-Net \OT1/cmr/m/n/10 and \OT1/cmss/
m/n/10 Post-Processing \OT1/cmr/m/n/10 are learned re-con-struc-tion ap-proache
s, whereas
 []


LaTeX Warning: Citation `arridge2019solving' on page 3 undefined on input line 
373.


LaTeX Warning: Citation `chen2020deep' on page 3 undefined on input line 373.


LaTeX Warning: Reference `sec:FCUNet' on page 3 undefined on input line 373.


LaTeX Warning: Citation `martin2017post' on page 3 undefined on input line 373.



LaTeX Warning: Citation `wang2024comparative' on page 3 undefined on input line
 373.


LaTeX Warning: Citation `chung2022come' on page 3 undefined on input line 373.


LaTeX Warning: Citation `cheney1990noser' on page 3 undefined on input line 381
.


LaTeX Warning: Citation `dobson1994image' on page 3 undefined on input line 381
.


LaTeX Warning: Citation `kaipio2000statistical' on page 3 undefined on input li
ne 381.



[3]

LaTeX Warning: Reference `sec:forward_operator' on page 4 undefined on input li
ne 395.


LaTeX Warning: Reference `sec:jacobian' on page 4 undefined on input line 395.


LaTeX Warning: Reference `eq:linearised_ip' on page 4 undefined on input line 3
97.


LaTeX Warning: Reference `eq:var_probl' on page 4 undefined on input line 403.


LaTeX Warning: Reference `eq:CEM' on page 4 undefined on input line 411.


LaTeX Warning: Citation `hyvonen2004complete' on page 4 undefined on input line
 412.


LaTeX Warning: Citation `kaipio2000statistical' on page 4 undefined on input li
ne 430.


LaTeX Warning: Reference `eq:CEM_weak_formulation' on page 4 undefined on input
 line 438.



[4]

LaTeX Warning: Reference `eq:linear_system_cem' on page 5 undefined on input li
ne 472.


LaTeX Warning: Reference `eq:linear_system_cem' on page 5 undefined on input li
ne 472.


LaTeX Warning: Citation `BarattaEtal2023' on page 5 undefined on input line 474
.


LaTeX Warning: Citation `dobson1994image' on page 5 undefined on input line 487
.


LaTeX Warning: Citation `kaipio2000statistical' on page 5 undefined on input li
ne 487.


LaTeX Warning: Citation `GEHRE20122126' on page 5 undefined on input line 490.


LaTeX Warning: Reference `eq:CEM_weak_formulation' on page 5 undefined on input
 line 507.


LaTeX Warning: Reference `eq:linear_system_cem' on page 5 undefined on input li
ne 507.


LaTeX Warning: Reference `eq:construct_jacobian' on page 5 undefined on input l
ine 531.


LaTeX Warning: Reference `eq:linear_system_jacobian' on page 5 undefined on inp
ut line 532.



[5]

LaTeX Warning: Reference `eq:fast_jacobian' on page 6 undefined on input line 5
57.


LaTeX Warning: Reference `eq:lin_rec_one_step' on page 6 undefined on input lin
e 590.


LaTeX Warning: Citation `borsic2009vivo' on page 6 undefined on input line 601.



LaTeX Warning: Citation `rasanen2023kuopio' on page 6 undefined on input line 6
03.


LaTeX Warning: Citation `fletcher1971modified' on page 6 undefined on input lin
e 604.


LaTeX Warning: Citation `cheney1990noser' on page 6 undefined on input line 604
.


LaTeX Warning: Reference `eq:var_probl' on page 6 undefined on input line 604.


LaTeX Warning: Reference `eq:var_probl' on page 6 undefined on input line 606.


LaTeX Warning: Reference `fig:initial_reco' on page 6 undefined on input line 6
19.



[6]

LaTeX Warning: Reference `eq:initial_reco' on page 7 undefined on input line 62
2.

<images/initial_reconstructions.pdf, id=96, 1389.01025pt x 574.22716pt>
File: images/initial_reconstructions.pdf Graphic file (type pdf)
<use images/initial_reconstructions.pdf>
Package pdftex.def Info: images/initial_reconstructions.pdf  used on input line
 633.
(pdftex.def)             Requested size: 361.34999pt x 149.38315pt.

LaTeX Warning: Citation `ronneberger2015u' on page 7 undefined on input line 64
0.


LaTeX Warning: Citation `dhariwal2021diffusion' on page 7 undefined on input li
ne 640.


LaTeX Warning: Reference `sec:dataset' on page 7 undefined on input line 650.


LaTeX Warning: Reference `sec:initial_reconstruction' on page 7 undefined on in
put line 653.



[7 <./images/initial_reconstructions.pdf>]

LaTeX Warning: Citation `ongie2020deep' on page 8 undefined on input line 665.


LaTeX Warning: Citation `arndt2023model' on page 8 undefined on input line 667.



LaTeX Warning: Citation `ongie2020deep' on page 8 undefined on input line 681.


LaTeX Warning: Citation `schwab2019deep' on page 8 undefined on input line 681.


LaTeX Font Info:    Font shape `OT1/cmss/m/it' in size <10> not available
(Font)              Font shape `OT1/cmss/m/sl' tried instead on input line 686.


LaTeX Warning: Citation `chen2020deep' on page 8 undefined on input line 686.


LaTeX Warning: Reference `sec:initial_reconstruction' on page 8 undefined on in
put line 689.



[8]

LaTeX Warning: Citation `dhariwal2021diffusion' on page 9 undefined on input li
ne 693.


LaTeX Warning: Reference `fig:fcUNet' on page 9 undefined on input line 693.

<images/fc_net.pdf, id=176, 468.79138pt x 183.8067pt>
File: images/fc_net.pdf Graphic file (type pdf)
<use images/fc_net.pdf>
Package pdftex.def Info: images/fc_net.pdf  used on input line 712.
(pdftex.def)             Requested size: 361.34999pt x 141.68304pt.

LaTeX Warning: Citation `arridge2019solving' on page 9 undefined on input line 
719.


LaTeX Warning: Citation `ongie2020deep' on page 9 undefined on input line 719.


LaTeX Warning: Reference `sec:initial_reconstruction' on page 9 undefined on in
put line 721.


LaTeX Warning: Reference `sec:FCUNet' on page 9 undefined on input line 721.



[9 <./images/fc_net.pdf>]

LaTeX Warning: Reference `fig:postprocessingUNet' on page 10 undefined on input
 line 725.


LaTeX Warning: Reference `eq:cce' on page 10 undefined on input line 725.

<images/post_processing.pdf, id=209, 468.79138pt x 183.8067pt>
File: images/post_processing.pdf Graphic file (type pdf)
<use images/post_processing.pdf>
Package pdftex.def Info: images/post_processing.pdf  used on input line 738.
(pdftex.def)             Requested size: 361.34999pt x 141.68304pt.

LaTeX Warning: Reference `sec:initial_reconstruction' on page 10 undefined on i
nput line 739.


LaTeX Warning: Citation `stuart2010inverse' on page 10 undefined on input line 
745.


LaTeX Warning: Citation `ho2020denoising' on page 10 undefined on input line 75
2.


LaTeX Warning: Citation `sohl2015deep' on page 10 undefined on input line 752.


LaTeX Warning: Citation `dhariwal2021diffusion' on page 10 undefined on input l
ine 752.


LaTeX Warning: Citation `saharia2022image' on page 10 undefined on input line 7
58.


LaTeX Warning: Citation `tashiro2021csdi' on page 10 undefined on input line 75
8.


LaTeX Warning: Citation `batzolis2021conditional' on page 10 undefined on input
 line 758.


LaTeX Warning: Citation `batzolis2021conditional' on page 10 undefined on input
 line 758.


LaTeX Warning: Citation `ho2020denoising' on page 10 undefined on input line 76
0.



[10 <./images/post_processing.pdf>]

LaTeX Warning: Citation `ho2020denoising' on page 11 undefined on input line 77
8.


LaTeX Warning: Reference `eq:forward_onestep' on page 11 undefined on input lin
e 783.


LaTeX Warning: Reference `fig:conddiffUNet' on page 11 undefined on input line 
783.


LaTeX Warning: Citation `ho2020denoising' on page 11 undefined on input line 78
5.


LaTeX Warning: Citation `song2020denoising' on page 11 undefined on input line 
785.


LaTeX Warning: Citation `efron2011tweedie' on page 11 undefined on input line 7
90.


LaTeX Warning: Reference `eq:ddim_sampling' on page 11 undefined on input line 
794.


LaTeX Warning: Citation `song2020denoising' on page 11 undefined on input line 
798.


LaTeX Warning: Reference `sec:initial_reconstruction' on page 11 undefined on i
nput line 816.


LaTeX Warning: Reference `eq:initial_reco' on page 11 undefined on input line 8
16.

<images/cond_diff.pdf, id=242, 469.755pt x 229.81859pt>
File: images/cond_diff.pdf Graphic file (type pdf)
<use images/cond_diff.pdf>
Package pdftex.def Info: images/cond_diff.pdf  used on input line 821.
(pdftex.def)             Requested size: 361.34999pt x 176.78201pt.

LaTeX Warning: Reference `sec:initial_reconstruction' on page 11 undefined on i
nput line 822.


LaTeX Warning: Reference `eq:ddim_sampling' on page 11 undefined on input line 
829.



[11]

LaTeX Warning: Reference `fig:training_data' on page 12 undefined on input line
 842.


LaTeX Warning: Citation `vilhunen2002simultaneous' on page 12 undefined on inpu
t line 843.


LaTeX Warning: Reference `sec:forward_operator' on page 12 undefined on input l
ine 843.


LaTeX Warning: Reference `tab:num_training' on page 12 undefined on input line 
843.



[12 <./images/cond_diff.pdf>]
<images/training_examples.pdf, id=287, 958.99681pt x 546.46248pt>
File: images/training_examples.pdf Graphic file (type pdf)
<use images/training_examples.pdf>
Package pdftex.def Info: images/training_examples.pdf  used on input line 847.
(pdftex.def)             Requested size: 240.65923pt x 137.13225pt.


LaTeX Warning: Reference `sec:post_unet' on page 13 undefined on input line 865
.


LaTeX Warning: Reference `sec:cond_score' on page 13 undefined on input line 86
5.


LaTeX Warning: Citation `GEHRE20122126' on page 13 undefined on input line 865.



LaTeX Warning: Citation `borsic2009vivo' on page 13 undefined on input line 865
.


LaTeX Warning: Reference `sec:initial_reconstruction' on page 13 undefined on i
nput line 865.


LaTeX Warning: Reference `fig:mesh' on page 13 undefined on input line 867.


LaTeX Warning: Citation `gmsh2009' on page 13 undefined on input line 867.

<images/Mesh/ktc_mesh.pdf, id=288, 462.52893pt x 459.63814pt>
File: images/Mesh/ktc_mesh.pdf Graphic file (type pdf)
<use images/Mesh/ktc_mesh.pdf>
Package pdftex.def Info: images/Mesh/ktc_mesh.pdf  used on input line 871.
(pdftex.def)             Requested size: 108.4061pt x 107.72742pt.
<images/Mesh/fenics_mesh.pdf, id=289, 462.52893pt x 459.63814pt>
File: images/Mesh/fenics_mesh.pdf Graphic file (type pdf)
<use images/Mesh/fenics_mesh.pdf>
Package pdftex.def Info: images/Mesh/fenics_mesh.pdf  used on input line 873.
(pdftex.def)             Requested size: 108.4061pt x 107.72742pt.


[13 <./images/training_examples.pdf>]

LaTeX Warning: Citation `dhariwal2021diffusion' on page 14 undefined on input l
ine 892.


LaTeX Warning: Citation `ronneberger2015u' on page 14 undefined on input line 8
92.


LaTeX Warning: Citation `dhariwal2021diffusion' on page 14 undefined on input l
ine 892.


LaTeX Warning: Citation `wu2018group' on page 14 undefined on input line 892.


LaTeX Warning: Citation `wang2004image' on page 14 undefined on input line 901.



LaTeX Warning: Reference `fig:reco_sample_A' on page 14 undefined on input line
 901.


LaTeX Warning: Reference `fig:reco_sample_B' on page 14 undefined on input line
 901.


LaTeX Warning: Reference `fig:reco_sample_C' on page 14 undefined on input line
 901.


LaTeX Warning: Reference `fig:reco_sample_A' on page 14 undefined on input line
 901.


LaTeX Warning: Reference `fig:reco_sample_B' on page 14 undefined on input line
 901.


LaTeX Warning: Reference `fig:reco_sample_B' on page 14 undefined on input line
 901.



[14 <./images/Mesh/ktc_mesh.pdf> <./images/Mesh/fenics_mesh.pdf>]

LaTeX Warning: Reference `tab:full_results' on page 15 undefined on input line 
903.


LaTeX Warning: No positions in optional float specifier.
               Default added (so using `tbp') on input line 912.

<images/challenge_sample_1.pdf, id=350, 958.99681pt x 1727.89719pt>
File: images/challenge_sample_1.pdf Graphic file (type pdf)
<use images/challenge_sample_1.pdf>
Package pdftex.def Info: images/challenge_sample_1.pdf  used on input line 927.

(pdftex.def)             Requested size: 240.65923pt x 433.60791pt.

LaTeX Warning: `!h' float specifier changed to `!ht'.

<images/challenge_sample_2.pdf, id=351, 958.99681pt x 1727.89719pt>
File: images/challenge_sample_2.pdf Graphic file (type pdf)
<use images/challenge_sample_2.pdf>
Package pdftex.def Info: images/challenge_sample_2.pdf  used on input line 934.

(pdftex.def)             Requested size: 240.65923pt x 433.60791pt.

LaTeX Warning: `!h' float specifier changed to `!ht'.



[15]
<images/challenge_sample_3.pdf, id=357, 958.99681pt x 1727.89719pt>
File: images/challenge_sample_3.pdf Graphic file (type pdf)
<use images/challenge_sample_3.pdf>
Package pdftex.def Info: images/challenge_sample_3.pdf  used on input line 944.

(pdftex.def)             Requested size: 240.65923pt x 433.60791pt.


LaTeX Warning: `!h' float specifier changed to `!ht'.



[16]

[17 <./images/challenge_sample_1.pdf>]

[18 <./images/challenge_sample_2.pdf>]

[19 <./images/challenge_sample_3.pdf>]

[20

]

[21] (./main.aux)
 ***********
LaTeX2e <2024-11-01> patch level 2
L3 programming layer <2025-01-18>
 ***********


LaTeX Font Warning: Some font shapes were not available, defaults substituted.


LaTeX Warning: There were undefined references.


LaTeX Warning: Label(s) may have changed. Rerun to get cross-references right.


Package rerunfilecheck Warning: File `main.out' has changed.
(rerunfilecheck)                Rerun to get outlines right
(rerunfilecheck)                or use package `bookmark'.

Package rerunfilecheck Info: Checksums for `main.out':
(rerunfilecheck)             Before: <no file>
(rerunfilecheck)             After:  14C08AC2B0FF7E7498D7578D9D807B41;3115.
 ) 
Here is how much of TeX's memory you used:
 28412 strings out of 473190
 600339 string characters out of 5712164
 992213 words of memory out of 5000000
 50909 multiletter control sequences out of 15000+600000
 573352 words of font info for 89 fonts, out of 8000000 for 9000
 1308 hyphenation exceptions out of 8191
 84i,18n,91p,1701b,1212s stack positions out of 10000i,1000n,20000p,200000b,200000s
 <c:/Users/LJK/.texlive2025/texmf-var/fonts/pk/ljfour/public/ifsym/ifsym10.42
0pk><d:/020_Software/T/texlive/2025/texmf-dist/fonts/type1/public/amsfonts/cm/c
mbx10.pfb><d:/020_Software/T/texlive/2025/texmf-dist/fonts/type1/public/amsfont
s/cm/cmbx7.pfb><d:/020_Software/T/texlive/2025/texmf-dist/fonts/type1/public/am
sfonts/cm/cmbx8.pfb><d:/020_Software/T/texlive/2025/texmf-dist/fonts/type1/publ
ic/amsfonts/cm/cmcsc10.pfb><d:/020_Software/T/texlive/2025/texmf-dist/fonts/typ
e1/public/amsfonts/cm/cmex10.pfb><d:/020_Software/T/texlive/2025/texmf-dist/fon
ts/type1/public/amsfonts/cm/cmmi10.pfb><d:/020_Software/T/texlive/2025/texmf-di
st/fonts/type1/public/amsfonts/cm/cmmi5.pfb><d:/020_Software/T/texlive/2025/tex
mf-dist/fonts/type1/public/amsfonts/cm/cmmi7.pfb><d:/020_Software/T/texlive/202
5/texmf-dist/fonts/type1/public/amsfonts/cm/cmmi8.pfb><d:/020_Software/T/texliv
e/2025/texmf-dist/fonts/type1/public/amsfonts/cm/cmmib10.pfb><d:/020_Software/T
/texlive/2025/texmf-dist/fonts/type1/public/amsfonts/cmextra/cmmib7.pfb><d:/020
_Software/T/texlive/2025/texmf-dist/fonts/type1/public/amsfonts/cm/cmr10.pfb><d
:/020_Software/T/texlive/2025/texmf-dist/fonts/type1/public/amsfonts/cm/cmr5.pf
b><d:/020_Software/T/texlive/2025/texmf-dist/fonts/type1/public/amsfonts/cm/cmr
6.pfb><d:/020_Software/T/texlive/2025/texmf-dist/fonts/type1/public/amsfonts/cm
/cmr7.pfb><d:/020_Software/T/texlive/2025/texmf-dist/fonts/type1/public/amsfont
s/cm/cmr8.pfb><d:/020_Software/T/texlive/2025/texmf-dist/fonts/type1/public/ams
fonts/cm/cmss10.pfb><d:/020_Software/T/texlive/2025/texmf-dist/fonts/type1/publ
ic/amsfonts/cm/cmss8.pfb><d:/020_Software/T/texlive/2025/texmf-dist/fonts/type1
/public/amsfonts/cm/cmssi10.pfb><d:/020_Software/T/texlive/2025/texmf-dist/font
s/type1/public/amsfonts/cm/cmsy10.pfb><d:/020_Software/T/texlive/2025/texmf-dis
t/fonts/type1/public/amsfonts/cm/cmsy5.pfb><d:/020_Software/T/texlive/2025/texm
f-dist/fonts/type1/public/amsfonts/cm/cmsy6.pfb><d:/020_Software/T/texlive/2025
/texmf-dist/fonts/type1/public/amsfonts/cm/cmsy7.pfb><d:/020_Software/T/texlive
/2025/texmf-dist/fonts/type1/public/amsfonts/cm/cmti10.pfb><d:/020_Software/T/t
exlive/2025/texmf-dist/fonts/type1/public/amsfonts/cm/cmti8.pfb><d:/020_Softwar
e/T/texlive/2025/texmf-dist/fonts/type1/public/amsfonts/cm/cmtt8.pfb><d:/020_So
ftware/T/texlive/2025/texmf-dist/fonts/type1/public/amsfonts/symbols/msbm10.pfb
><d:/020_Software/T/texlive/2025/texmf-dist/fonts/type1/urw/helvetic/uhvr8a.pfb
>
Output written on main.pdf (21 pages, 3420309 bytes).
PDF statistics:
 924 PDF objects out of 1000 (max. 8388607)
 584 compressed objects within 6 object streams
 131 named destinations out of 1000 (max. 500000)
 68 words of extra memory for PDF output out of 10000 (max. 10000000)

